生成启动时间为 2016/3/11 14:10:36。
     1>项目“C:\Users\Admin\Desktop\sizeyunsuan\sizeyunsuan\sizeyunsuan.vcxproj”在节点 2 上(build 个目标)。
     1>PrepareForBuild:
         正在创建目录“C:\Users\Admin\Desktop\sizeyunsuan\Debug\”。
       InitializeBuildStatus:
         正在创建“Debug\sizeyunsuan.unsuccessfulbuild”，因为已指定“AlwaysCreate”。
       ClCompile:
         C:\Program Files (x86)\Microsoft Visual Studio 10.0\VC\bin\CL.exe /c /ZI /nologo /W3 /WX- /Od /Oy- /D WIN32 /D _DEBUG /D _CONSOLE /D _UNICODE /D UNICODE /Gm /EHsc /RTC1 /MDd /GS /fp:precise /Zc:wchar_t /Zc:forScope /Yc"StdAfx.h" /Fp"Debug\sizeyunsuan.pch" /Fo"Debug\\" /Fd"Debug\vc100.pdb" /Gd /TP /analyze- /errorReport:prompt stdafx.cpp
         stdafx.cpp
         C:\Program Files (x86)\Microsoft Visual Studio 10.0\VC\bin\CL.exe /c /ZI /nologo /W3 /WX- /Od /Oy- /D WIN32 /D _DEBUG /D _CONSOLE /D _UNICODE /D UNICODE /Gm /EHsc /RTC1 /MDd /GS /fp:precise /Zc:wchar_t /Zc:forScope /Yu"StdAfx.h" /Fp"Debug\sizeyunsuan.pch" /Fo"Debug\\" /Fd"Debug\vc100.pdb" /Gd /TP /analyze- /errorReport:prompt sizeyunsuan.cpp
         sizeyunsuan.cpp
       ManifestResourceCompile:
         C:\Program Files (x86)\Microsoft SDKs\Windows\v7.0A\bin\rc.exe /nologo /fo"Debug\sizeyunsuan.exe.embed.manifest.res" Debug\sizeyunsuan_manifest.rc 
       Link:
         C:\Program Files (x86)\Microsoft Visual Studio 10.0\VC\bin\link.exe /ERRORREPORT:PROMPT /OUT:"C:\Users\Admin\Desktop\sizeyunsuan\Debug\sizeyunsuan.exe" /INCREMENTAL /NOLOGO kernel32.lib user32.lib gdi32.lib winspool.lib comdlg32.lib advapi32.lib shell32.lib ole32.lib oleaut32.lib uuid.lib odbc32.lib odbccp32.lib /MANIFEST /ManifestFile:"Debug\sizeyunsuan.exe.intermediate.manifest" /MANIFESTUAC:"level='asInvoker' uiAccess='false'" /DEBUG /PDB:"C:\Users\Admin\Desktop\sizeyunsuan\Debug\sizeyunsuan.pdb" /SUBSYSTEM:CONSOLE /TLBID:1 /DYNAMICBASE /NXCOMPAT /IMPLIB:"C:\Users\Admin\Desktop\sizeyunsuan\Debug\sizeyunsuan.lib" /MACHINE:X86 Debug\sizeyunsuan.exe.embed.manifest.res
         Debug\sizeyunsuan.obj
         Debug\stdafx.obj
       Manifest:
         C:\Program Files (x86)\Microsoft SDKs\Windows\v7.0A\bin\mt.exe /nologo /verbose /out:"Debug\sizeyunsuan.exe.embed.manifest" /manifest Debug\sizeyunsuan.exe.intermediate.manifest
         C:\Program Files (x86)\Microsoft SDKs\Windows\v7.0A\bin\rc.exe /nologo /fo"Debug\sizeyunsuan.exe.embed.manifest.res" Debug\sizeyunsuan_manifest.rc 
       LinkEmbedManifest:
         C:\Program Files (x86)\Microsoft Visual Studio 10.0\VC\bin\link.exe /ERRORREPORT:PROMPT /OUT:"C:\Users\Admin\Desktop\sizeyunsuan\Debug\sizeyunsuan.exe" /INCREMENTAL /NOLOGO kernel32.lib user32.lib gdi32.lib winspool.lib comdlg32.lib advapi32.lib shell32.lib ole32.lib oleaut32.lib uuid.lib odbc32.lib odbccp32.lib /MANIFEST /ManifestFile:"Debug\sizeyunsuan.exe.intermediate.manifest" /MANIFESTUAC:"level='asInvoker' uiAccess='false'" /DEBUG /PDB:"C:\Users\Admin\Desktop\sizeyunsuan\Debug\sizeyunsuan.pdb" /SUBSYSTEM:CONSOLE /TLBID:1 /DYNAMICBASE /NXCOMPAT /IMPLIB:"C:\Users\Admin\Desktop\sizeyunsuan\Debug\sizeyunsuan.lib" /MACHINE:X86 Debug\sizeyunsuan.exe.embed.manifest.res
         Debug\sizeyunsuan.obj
         Debug\stdafx.obj
         sizeyunsuan.vcxproj -> C:\Users\Admin\Desktop\sizeyunsuan\Debug\sizeyunsuan.exe
       FinalizeBuildStatus:
         正在删除文件“Debug\sizeyunsuan.unsuccessfulbuild”。
         正在对“Debug\sizeyunsuan.lastbuildstate”执行 Touch 任务。
     1>已完成生成项目“C:\Users\Admin\Desktop\sizeyunsuan\sizeyunsuan\sizeyunsuan.vcxproj”(build 个目标)的操作。

生成成功。

已用时间 00:00:05.98
